\BOOKMARK [1][-]{section.1}{Zadanie 1}{}% 1
\BOOKMARK [2][-]{subsection.1.1}{Tresc polecenia}{section.1}% 2
\BOOKMARK [2][-]{subsection.1.2}{Zastosowane algorytmy}{section.1}% 3
\BOOKMARK [2][-]{subsection.1.3}{Implementacja uzytych algorytm\363w}{section.1}% 4
\BOOKMARK [2][-]{subsection.1.4}{Otrzymane wyniki oraz komentarz}{section.1}% 5
\BOOKMARK [1][-]{section.2}{Zadanie 2}{}% 6
\BOOKMARK [2][-]{subsection.2.1}{Tresc polecenia}{section.2}% 7
\BOOKMARK [2][-]{subsection.2.2}{Zastosowane algorytmy}{section.2}% 8
\BOOKMARK [2][-]{subsection.2.3}{Implementacja uzytych algorytm\363w}{section.2}% 9
\BOOKMARK [3][-]{subsubsection.2.3.1}{Generowanie macierzy A i b dla kazdego zestawu danych}{subsection.2.3}% 10
\BOOKMARK [3][-]{subsubsection.2.3.2}{Generowanie uk\233ad\363w r\363wnan do rozwiazania i rysowanie wykres\363w}{subsection.2.3}% 11
\BOOKMARK [3][-]{subsubsection.2.3.3}{Metoda eliminacji Gaussa z czesciowym wyborem elementu podstawowego}{subsection.2.3}% 12
\BOOKMARK [2][-]{subsection.2.4}{Otrzymane wyniki oraz komentarz}{section.2}% 13
\BOOKMARK [3][-]{subsubsection.2.4.1}{Tabele zaleznosci normy residuum od liczby r\363wnan}{subsection.2.4}% 14
\BOOKMARK [3][-]{subsubsection.2.4.2}{Wykresy zaleznosci normy residuum od liczby r\363wnan}{subsection.2.4}% 15
\BOOKMARK [3][-]{subsubsection.2.4.3}{Wnioski}{subsection.2.4}% 16
\BOOKMARK [1][-]{section.3}{Zadanie 3}{}% 17
\BOOKMARK [2][-]{subsection.3.1}{Tresc polecenia}{section.3}% 18
\BOOKMARK [2][-]{subsection.3.2}{Zastosowane algorytmy}{section.3}% 19
\BOOKMARK [2][-]{subsection.3.3}{Implementacja uzytych algorytm\363w}{section.3}% 20
\BOOKMARK [3][-]{subsubsection.3.3.1}{Generowanie macierzy i jej rozwiazywanie}{subsection.3.3}% 21
\BOOKMARK [3][-]{subsubsection.3.3.2}{Implementacja metody Jacobiego}{subsection.3.3}% 22
\BOOKMARK [2][-]{subsection.3.4}{Otrzymane wyniki oraz komentarz}{section.3}% 23
\BOOKMARK [3][-]{subsubsection.3.4.1}{Wyniki dla danego uk\233adu r\363wnan}{subsection.3.4}% 24
\BOOKMARK [2][-]{subsection.3.5}{Wyniki dla uk\233ad\363w r\363wnan z zadania 2}{section.3}% 25
